<?xml version="1.0" encoding="UTF-8"?>
<!-- Generated by org.testng.reporters.JUnitReportReporter -->
<testsuite hostname="DESKTOP-LJG6DCF" failures="0" tests="3" name="com.SwagLabs.TestCases.LoginPageTest" time="0.653" errors="0" timestamp="2024-02-07T14:29:13 IST" skipped="0">
  <testcase classname="com.SwagLabs.TestCases.LoginPageTest" name="verifyTitle" time="0.041"/>
  <system-out/>
  <testcase classname="com.SwagLabs.TestCases.LoginPageTest" name="verifyUrl" time="0.026"/>
  <system-out/>
  <testcase classname="com.SwagLabs.TestCases.LoginPageTest" name="validateLogin" time="0.586"/>
  <system-out/>
</testsuite> <!-- com.SwagLabs.TestCases.LoginPageTest -->
