<?xml version="1.0" encoding="UTF-8"?>
<!-- Generated by org.testng.reporters.JUnitReportReporter -->
<testsuite hostname="DESKTOP-LJG6DCF" failures="0" tests="4" name="com.SwagLabs.TestCases.AddToCartPageTest" time="14.746" errors="0" timestamp="2024-02-08T09:38:59 IST" skipped="0">
  <testcase classname="com.SwagLabs.TestCases.AddToCartPageTest" name="verifyCartPage" time="2.096"/>
  <system-out/>
  <testcase classname="com.SwagLabs.TestCases.AddToCartPageTest" name="validateRemove" time="2.085"/>
  <system-out/>
  <testcase classname="com.SwagLabs.TestCases.AddToCartPageTest" name="validateContinue" time="8.444"/>
  <system-out/>
  <testcase classname="com.SwagLabs.TestCases.AddToCartPageTest" name="validateCheckout" time="2.121"/>
  <system-out/>
</testsuite> <!-- com.SwagLabs.TestCases.AddToCartPageTest -->
